<?xml version="1.0" encoding="UTF-8"?>
<!-- Generated by org.testng.reporters.JUnitXMLReporter -->
<testsuite ignored="0" hostname="DESKTOP-7BEI7P6" failures="0" tests="2" name="OpenCartTest" time="35.411" errors="0" timestamp="2023-09-12T02:05:12 GMT-05:00">
  <testcase classname="com.openCart.testCases.TC_001_AccountRegistrationTest" name="test_account_Registration" time="4.722"/>
  <testcase classname="com.openCart.testCases.TC_002_LoginTest" name="test_login" time="2.332"/>
</testsuite> <!-- OpenCartTest -->
