<?xml version="1.0" encoding="UTF-8"?>
<!-- Generated by org.testng.reporters.JUnitXMLReporter -->
<testsuite ignored="0" hostname="DESKTOP-7BEI7P6" failures="0" tests="2" name="OpenCartTest" time="22.145" errors="0" timestamp="2023-09-08T09:40:48 GMT-05:00">
  <testcase classname="com.openCart.testCases.TC_001_AccountRegistrationTest" name="test_account_Registration" time="3.421"/>
  <testcase classname="com.openCart.testCases.TC_002_LoginTest" name="test_login" time="1.978"/>
</testsuite> <!-- OpenCartTest -->
