<?xml version="1.0" encoding="UTF-8"?>
<testng-results ignored="0" total="2" passed="2" failed="0" skipped="0">
  <reporter-output>
  </reporter-output>
  <suite started-at="2023-09-12T02:35:31 GMT-05:00" name="OpenCartSuite" finished-at="2023-09-12T02:35:56 GMT-05:00" duration-ms="24897">
    <groups>
      <group name="Master">
        <method signature="TC_001_AccountRegistrationTest.test_account_Registration()[pri:0, instance:com.openCart.testCases.TC_001_AccountRegistrationTest@1fa268de]" name="test_account_Registration" class="com.openCart.testCases.TC_001_AccountRegistrationTest"/>
        <method signature="TC_002_LoginTest.test_login()[pri:0, instance:com.openCart.testCases.TC_002_LoginTest@7b9a4292]" name="test_login" class="com.openCart.testCases.TC_002_LoginTest"/>
      </group> <!-- Master -->
      <group name="Sanity">
        <method signature="TC_002_LoginTest.test_login()[pri:0, instance:com.openCart.testCases.TC_002_LoginTest@7b9a4292]" name="test_login" class="com.openCart.testCases.TC_002_LoginTest"/>
      </group> <!-- Sanity -->
      <group name="Regression">
        <method signature="TC_001_AccountRegistrationTest.test_account_Registration()[pri:0, instance:com.openCart.testCases.TC_001_AccountRegistrationTest@1fa268de]" name="test_account_Registration" class="com.openCart.testCases.TC_001_AccountRegistrationTest"/>
      </group> <!-- Regression -->
    </groups>
    <test started-at="2023-09-12T02:35:31 GMT-05:00" name="OpenCartTest" finished-at="2023-09-12T02:35:56 GMT-05:00" duration-ms="24897">
      <class name="com.openCart.testCases.TC_002_LoginTest">
        <test-method is-config="true" signature="setup(java.lang.String)[pri:0, instance:com.openCart.testCases.TC_002_LoginTest@7b9a4292]" started-at="2023-09-12T02:35:46 GMT-05:00" name="setup" finished-at="2023-09-12T02:35:54 GMT-05:00" duration-ms="7691" status="PASS">
          <params>
            <param index="0">
              <value>
                <![CDATA[chrome]]>
              </value>
            </param>
          </params>
          <reporter-output>
          </reporter-output>
        </test-method> <!-- setup -->
        <test-method signature="test_login()[pri:0, instance:com.openCart.testCases.TC_002_LoginTest@7b9a4292]" started-at="2023-09-12T02:35:54 GMT-05:00" name="test_login" finished-at="2023-09-12T02:35:56 GMT-05:00" duration-ms="2080" status="PASS">
          <reporter-output>
          </reporter-output>
        </test-method> <!-- test_login -->
        <test-method is-config="true" signature="tearDown()[pri:0, instance:com.openCart.testCases.TC_002_LoginTest@7b9a4292]" started-at="2023-09-12T02:35:56 GMT-05:00" name="tearDown" finished-at="2023-09-12T02:35:56 GMT-05:00" duration-ms="341" status="PASS">
          <reporter-output>
          </reporter-output>
        </test-method> <!-- tearDown -->
      </class> <!-- com.openCart.testCases.TC_002_LoginTest -->
      <class name="com.openCart.testCases.TC_001_AccountRegistrationTest">
        <test-method is-config="true" signature="setup(java.lang.String)[pri:0, instance:com.openCart.testCases.TC_001_AccountRegistrationTest@1fa268de]" started-at="2023-09-12T02:35:31 GMT-05:00" name="setup" finished-at="2023-09-12T02:35:42 GMT-05:00" duration-ms="11011" status="PASS">
          <params>
            <param index="0">
              <value>
                <![CDATA[chrome]]>
              </value>
            </param>
          </params>
          <reporter-output>
          </reporter-output>
        </test-method> <!-- setup -->
        <test-method signature="test_account_Registration()[pri:0, instance:com.openCart.testCases.TC_001_AccountRegistrationTest@1fa268de]" started-at="2023-09-12T02:35:42 GMT-05:00" name="test_account_Registration" finished-at="2023-09-12T02:35:45 GMT-05:00" duration-ms="2960" status="PASS">
          <reporter-output>
          </reporter-output>
        </test-method> <!-- test_account_Registration -->
        <test-method is-config="true" signature="tearDown()[pri:0, instance:com.openCart.testCases.TC_001_AccountRegistrationTest@1fa268de]" started-at="2023-09-12T02:35:45 GMT-05:00" name="tearDown" finished-at="2023-09-12T02:35:46 GMT-05:00" duration-ms="337" status="PASS">
          <reporter-output>
          </reporter-output>
        </test-method> <!-- tearDown -->
      </class> <!-- com.openCart.testCases.TC_001_AccountRegistrationTest -->
    </test> <!-- OpenCartTest -->
  </suite> <!-- OpenCartSuite -->
</testng-results>
