<?xml version="1.0" encoding="UTF-8"?>
<testng-results ignored="0" total="2" passed="2" failed="0" skipped="0">
  <reporter-output>
  </reporter-output>
  <suite started-at="2023-09-08T09:11:21 GMT-05:00" name="OpenCartSuite" finished-at="2023-09-08T09:11:41 GMT-05:00" duration-ms="20851">
    <groups>
      <group name="Master">
        <method signature="TC_001_AccountRegistrationTest.test_account_Registration()[pri:0, instance:com.openCart.testCases.TC_001_AccountRegistrationTest@3c46e67a]" name="test_account_Registration" class="com.openCart.testCases.TC_001_AccountRegistrationTest"/>
        <method signature="TC_002_LoginTest.test_login()[pri:0, instance:com.openCart.testCases.TC_002_LoginTest@54d9d12d]" name="test_login" class="com.openCart.testCases.TC_002_LoginTest"/>
      </group> <!-- Master -->
      <group name="Sanity">
        <method signature="TC_002_LoginTest.test_login()[pri:0, instance:com.openCart.testCases.TC_002_LoginTest@54d9d12d]" name="test_login" class="com.openCart.testCases.TC_002_LoginTest"/>
      </group> <!-- Sanity -->
      <group name="Regression">
        <method signature="TC_001_AccountRegistrationTest.test_account_Registration()[pri:0, instance:com.openCart.testCases.TC_001_AccountRegistrationTest@3c46e67a]" name="test_account_Registration" class="com.openCart.testCases.TC_001_AccountRegistrationTest"/>
      </group> <!-- Regression -->
    </groups>
    <test started-at="2023-09-08T09:11:21 GMT-05:00" name="OpenCartTest" finished-at="2023-09-08T09:11:41 GMT-05:00" duration-ms="20851">
      <class name="com.openCart.testCases.TC_002_LoginTest">
        <test-method is-config="true" signature="setup(java.lang.String)[pri:0, instance:com.openCart.testCases.TC_002_LoginTest@54d9d12d]" started-at="2023-09-08T09:11:33 GMT-05:00" name="setup" finished-at="2023-09-08T09:11:39 GMT-05:00" duration-ms="6352" status="PASS">
          <params>
            <param index="0">
              <value>
                <![CDATA[chrome]]>
              </value>
            </param>
          </params>
          <reporter-output>
          </reporter-output>
        </test-method> <!-- setup -->
        <test-method signature="test_login()[pri:0, instance:com.openCart.testCases.TC_002_LoginTest@54d9d12d]" started-at="2023-09-08T09:11:39 GMT-05:00" name="test_login" finished-at="2023-09-08T09:11:41 GMT-05:00" duration-ms="1785" status="PASS">
          <reporter-output>
          </reporter-output>
        </test-method> <!-- test_login -->
        <test-method is-config="true" signature="tearDown()[pri:0, instance:com.openCart.testCases.TC_002_LoginTest@54d9d12d]" started-at="2023-09-08T09:11:41 GMT-05:00" name="tearDown" finished-at="2023-09-08T09:11:41 GMT-05:00" duration-ms="302" status="PASS">
          <reporter-output>
          </reporter-output>
        </test-method> <!-- tearDown -->
      </class> <!-- com.openCart.testCases.TC_002_LoginTest -->
      <class name="com.openCart.testCases.TC_001_AccountRegistrationTest">
        <test-method is-config="true" signature="setup(java.lang.String)[pri:0, instance:com.openCart.testCases.TC_001_AccountRegistrationTest@3c46e67a]" started-at="2023-09-08T09:11:21 GMT-05:00" name="setup" finished-at="2023-09-08T09:11:30 GMT-05:00" duration-ms="8286" status="PASS">
          <params>
            <param index="0">
              <value>
                <![CDATA[chrome]]>
              </value>
            </param>
          </params>
          <reporter-output>
          </reporter-output>
        </test-method> <!-- setup -->
        <test-method signature="test_account_Registration()[pri:0, instance:com.openCart.testCases.TC_001_AccountRegistrationTest@3c46e67a]" started-at="2023-09-08T09:11:30 GMT-05:00" name="test_account_Registration" finished-at="2023-09-08T09:11:33 GMT-05:00" duration-ms="2929" status="PASS">
          <reporter-output>
          </reporter-output>
        </test-method> <!-- test_account_Registration -->
        <test-method is-config="true" signature="tearDown()[pri:0, instance:com.openCart.testCases.TC_001_AccountRegistrationTest@3c46e67a]" started-at="2023-09-08T09:11:33 GMT-05:00" name="tearDown" finished-at="2023-09-08T09:11:33 GMT-05:00" duration-ms="286" status="PASS">
          <reporter-output>
          </reporter-output>
        </test-method> <!-- tearDown -->
      </class> <!-- com.openCart.testCases.TC_001_AccountRegistrationTest -->
    </test> <!-- OpenCartTest -->
  </suite> <!-- OpenCartSuite -->
</testng-results>
